#This file was generated using SimGrid-3.30.0
#[./build/bin/main --cfg=smpi/privatization:1 --cfg=smpi/np:4 --cfg=smpi/hostfile:hostfiles/cluster_hostfile.txt --cfg=tracing:yes --cfg=tracing/filename:smpi_simgrid.trace --cfg=tracing/smpi:yes --cfg=surf/precision:1e-9 --cfg=network/model:SMPI --cfg=smpi/tmpdir:/tmp platforms/cluster_crossbar.xml -p 2 -q 2 -n 10 -b 5 --algorithm p2p-i-la --lookahead 2 --niter 2 -c -v ]
%EventDef PajeDefineContainerType 0
%       Alias string
%       Type string
%       Name string
%EndEventDef
%EventDef PajeDefineVariableType 1
%       Alias string
%       Type string
%       Name string
%       Color color
%EndEventDef
%EventDef PajeDefineStateType 2
%       Alias string
%       Type string
%       Name string
%EndEventDef
%EventDef PajeDefineEventType 3
%       Alias string
%       Type string
%       Name string
%EndEventDef
%EventDef PajeDefineLinkType 4
%       Alias string
%       Type string
%       StartContainerType string
%       EndContainerType string
%       Name string
%EndEventDef
%EventDef PajeDefineEntityValue 5
%       Alias string
%       Type string
%       Name string
%       Color color
%EndEventDef
%EventDef PajeCreateContainer 6
%       Time date
%       Alias string
%       Type string
%       Container string
%       Name string
%EndEventDef
%EventDef PajeDestroyContainer 7
%       Time date
%       Type string
%       Name string
%EndEventDef
%EventDef PajeSetVariable 8
%       Time date
%       Type string
%       Container string
%       Value double
%EndEventDef
%EventDef PajeAddVariable 9
%       Time date
%       Type string
%       Container string
%       Value double
%EndEventDef
%EventDef PajeSubVariable 10
%       Time date
%       Type string
%       Container string
%       Value double
%EndEventDef
%EventDef PajeSetState 11
%       Time date
%       Type string
%       Container string
%       Value string
%EndEventDef
%EventDef PajePushState 12
%       Time date
%       Type string
%       Container string
%       Value string
%EndEventDef
%EventDef PajePopState 13
%       Time date
%       Type string
%       Container string
%EndEventDef
%EventDef PajeResetState 14
%       Time date
%       Type string
%       Container string
%EndEventDef
%EventDef PajeStartLink 15
%       Time date
%       Type string
%       Container string
%       Value string
%       StartContainer string
%       Key string
%EndEventDef
%EventDef PajeEndLink 16
%       Time date
%       Type string
%       Container string
%       Value string
%       EndContainer string
%       Key string
%EndEventDef
%EventDef PajeNewEvent 17
%       Time date
%       Type string
%       Container string
%       Value string
%EndEventDef
0 1 0 MPI
2 2 1 MPI_STATE
4 3 0 1 1 MPI_LINK
4 4 0 1 1 MIGRATE_LINK
2 5 1 MIGRATE_STATE
6 0.000000 1 1 0 "rank-0"
6 0.000000 2 1 0 "rank-1"
6 0.000000 3 1 0 "rank-2"
6 0.000000 4 1 0 "rank-3"
5 6 2 PMPI_Init "0 1 0"
12 0.000000 2 1 6
13 0.000000 2 1
12 0.000000 2 2 6
13 0.000000 2 2
12 0.000000 2 3 6
13 0.000000 2 3
12 0.000000 2 4 6
13 0.000000 2 4
5 7 2 PMPI_Barrier "0 0.39 0.78"
5 8 2 PMPI_Issend "0 0 1"
5 9 2 PMPI_Irecv "1 0.52 0.52"
5 10 2 PMPI_Wait "1 1 0"
5 11 2 PMPI_Recv "1 0 0"
5 12 2 PMPI_Send "0 0 1"
5 13 2 PMPI_Finalize "0 1 0"
12 0.000000 2 4 7
12 0.000000 2 1 7
12 0.000000 2 2 7
12 0.000000 2 3 7
13 0.000024 2 1
12 0.000024 2 1 7
13 0.000048 2 4
13 0.000048 2 3
13 0.000048 2 2
12 0.000048 2 2 7
12 0.000048 2 3 7
12 0.000048 2 4 7
13 0.000072 2 1
12 0.000072 2 1 8
15 0.000072 3 0 PTP 1 1_2_0_1
13 0.000072 2 1
12 0.000072 2 1 8
15 0.000072 3 0 PTP 1 1_3_1_2
13 0.000072 2 1
12 0.000072 2 1 9
13 0.000072 2 1
12 0.000072 2 1 9
13 0.000072 2 1
12 0.000072 2 1 10
13 0.000096 2 4
13 0.000096 2 3
13 0.000096 2 2
12 0.000096 2 3 8
15 0.000096 3 0 PTP 3 3_4_0_3
12 0.000096 2 2 9
12 0.000096 2 4 9
13 0.000096 2 3
13 0.000096 2 2
13 0.000096 2 4
12 0.000096 2 4 9
12 0.000096 2 2 8
15 0.000096 3 0 PTP 2 2_4_1_4
12 0.000096 2 3 9
13 0.000096 2 4
13 0.000096 2 2
13 0.000096 2 3
12 0.000096 2 2 8
15 0.000096 3 0 PTP 2 2_1_0_5
12 0.000096 2 3 9
12 0.000096 2 4 8
15 0.000096 3 0 PTP 4 4_3_0_6
13 0.000096 2 2
13 0.000096 2 3
13 0.000096 2 4
12 0.000096 2 3 8
15 0.000096 3 0 PTP 3 3_1_1_7
12 0.000096 2 4 8
15 0.000096 3 0 PTP 4 4_2_1_8
12 0.000096 2 2 9
13 0.000096 2 3
13 0.000096 2 4
13 0.000096 2 2
12 0.000096 2 2 10
12 0.000096 2 4 10
12 0.000096 2 3 10
13 0.000135 2 1
16 0.000135 3 0 PTP 1 2_1_0_5
13 0.000135 2 3
16 0.000135 3 0 PTP 3 1_3_1_2
13 0.000135 2 2
16 0.000135 3 0 PTP 2 1_2_0_1
13 0.000135 2 4
16 0.000135 3 0 PTP 4 3_4_0_3
12 0.000135 2 4 10
12 0.000135 2 1 10
12 0.000135 2 2 10
12 0.000135 2 3 10
13 0.000135 2 4
16 0.000135 3 0 PTP 4 2_4_1_4
13 0.000135 2 1
16 0.000135 3 0 PTP 1 3_1_1_7
13 0.000135 2 2
16 0.000135 3 0 PTP 2 4_2_1_8
13 0.000135 2 3
16 0.000135 3 0 PTP 3 4_3_0_6
12 0.000135 2 3 7
12 0.000135 2 2 7
12 0.000135 2 1 7
12 0.000135 2 4 7
13 0.000159 2 1
12 0.000159 2 1 7
13 0.000183 2 4
13 0.000183 2 3
13 0.000183 2 2
12 0.000183 2 4 7
12 0.000183 2 3 7
12 0.000183 2 2 7
13 0.000207 2 1
12 0.000207 2 1 11
13 0.000231 2 4
13 0.000231 2 3
13 0.000231 2 2
12 0.000231 2 2 12
15 0.000231 3 0 PTP 2 2_1_0_9
12 0.000231 2 3 12
15 0.000231 3 0 PTP 3 3_1_0_10
12 0.000231 2 4 12
15 0.000231 3 0 PTP 4 4_1_0_11
13 0.000231 2 2
13 0.000231 2 3
13 0.000231 2 4
12 0.000231 2 3 12
15 0.000231 3 0 PTP 3 3_1_0_12
12 0.000231 2 4 12
15 0.000231 3 0 PTP 4 4_1_0_13
12 0.000231 2 2 12
15 0.000231 3 0 PTP 2 2_1_0_14
13 0.000231 2 3
13 0.000231 2 4
13 0.000231 2 2
12 0.000231 2 3 12
15 0.000231 3 0 PTP 3 3_1_0_15
12 0.000231 2 4 12
15 0.000231 3 0 PTP 4 4_1_0_16
12 0.000231 2 2 12
15 0.000231 3 0 PTP 2 2_1_0_17
13 0.000231 2 3
13 0.000231 2 4
13 0.000231 2 2
12 0.000231 2 3 12
15 0.000231 3 0 PTP 3 3_1_0_18
12 0.000231 2 2 12
15 0.000231 3 0 PTP 2 2_1_0_19
12 0.000231 2 4 12
15 0.000231 3 0 PTP 4 4_1_0_20
13 0.000231 2 3
13 0.000231 2 2
13 0.000231 2 4
12 0.000231 2 4 7
12 0.000231 2 2 7
12 0.000231 2 3 7
16 0.000260 3 0 PTP 1 2_1_0_9
13 0.000260 2 1
12 0.000260 2 1 11
16 0.000289 3 0 PTP 1 3_1_0_10
13 0.000289 2 1
12 0.000289 2 1 11
16 0.000319 3 0 PTP 1 4_1_0_11
13 0.000319 2 1
12 0.000319 2 1 11
16 0.000348 3 0 PTP 1 2_1_0_14
13 0.000348 2 1
12 0.000348 2 1 11
16 0.000377 3 0 PTP 1 3_1_0_12
13 0.000377 2 1
12 0.000377 2 1 11
16 0.000407 3 0 PTP 1 4_1_0_13
13 0.000407 2 1
12 0.000407 2 1 11
16 0.000436 3 0 PTP 1 2_1_0_17
13 0.000436 2 1
12 0.000436 2 1 11
16 0.000465 3 0 PTP 1 3_1_0_15
13 0.000465 2 1
12 0.000465 2 1 11
16 0.000494 3 0 PTP 1 4_1_0_16
13 0.000494 2 1
12 0.000494 2 1 11
16 0.000524 3 0 PTP 1 2_1_0_19
13 0.000524 2 1
12 0.000524 2 1 11
16 0.000553 3 0 PTP 1 3_1_0_18
13 0.000553 2 1
12 0.000553 2 1 11
16 0.000582 3 0 PTP 1 4_1_0_20
13 0.000582 2 1
12 0.000582 2 1 7
13 0.000606 2 1
12 0.000606 2 1 7
13 0.000630 2 4
12 0.000630 2 4 7
13 0.000630 2 3
12 0.000630 2 3 7
13 0.000630 2 2
12 0.000630 2 2 7
13 0.000654 2 1
12 0.000654 2 1 7
13 0.000678 2 4
13 0.000678 2 3
13 0.000678 2 2
12 0.000678 2 4 7
12 0.000678 2 3 7
12 0.000678 2 2 7
13 0.000702 2 1
12 0.000702 2 1 7
13 0.000726 2 4
13 0.000726 2 3
13 0.000726 2 2
12 0.000726 2 2 7
12 0.000726 2 4 7
12 0.000726 2 3 7
13 0.000750 2 1
12 0.000750 2 1 8
15 0.000750 3 0 PTP 1 1_2_0_21
13 0.000750 2 1
12 0.000750 2 1 8
15 0.000750 3 0 PTP 1 1_3_1_22
13 0.000750 2 1
12 0.000750 2 1 9
13 0.000750 2 1
12 0.000750 2 1 9
13 0.000750 2 1
12 0.000750 2 1 10
13 0.000774 2 4
13 0.000774 2 3
13 0.000774 2 2
12 0.000774 2 4 9
12 0.000774 2 3 8
15 0.000774 3 0 PTP 3 3_4_0_23
12 0.000774 2 2 9
13 0.000774 2 4
13 0.000774 2 3
13 0.000774 2 2
12 0.000774 2 3 9
12 0.000774 2 4 9
12 0.000774 2 2 8
15 0.000774 3 0 PTP 2 2_4_1_24
13 0.000774 2 3
13 0.000774 2 4
13 0.000774 2 2
12 0.000774 2 2 8
15 0.000774 3 0 PTP 2 2_1_0_25
12 0.000774 2 4 8
15 0.000774 3 0 PTP 4 4_3_0_26
12 0.000774 2 3 9
13 0.000774 2 2
13 0.000774 2 4
13 0.000774 2 3
12 0.000774 2 3 8
15 0.000774 3 0 PTP 3 3_1_1_27
13 0.000774 2 3
12 0.000774 2 4 8
15 0.000774 3 0 PTP 4 4_2_1_28
12 0.000774 2 3 10
12 0.000774 2 2 9
13 0.000774 2 4
13 0.000774 2 2
12 0.000774 2 2 10
12 0.000774 2 4 10
13 0.000813 2 3
16 0.000813 3 0 PTP 3 1_3_1_22
13 0.000813 2 4
16 0.000813 3 0 PTP 4 3_4_0_23
12 0.000813 2 4 10
13 0.000813 2 1
16 0.000813 3 0 PTP 1 2_1_0_25
12 0.000813 2 1 10
13 0.000813 2 2
16 0.000813 3 0 PTP 2 1_2_0_21
13 0.000813 2 4
16 0.000813 3 0 PTP 4 2_4_1_24
13 0.000813 2 1
16 0.000813 3 0 PTP 1 3_1_1_27
12 0.000813 2 1 7
12 0.000813 2 2 10
12 0.000813 2 3 10
12 0.000813 2 4 7
13 0.000813 2 2
16 0.000813 3 0 PTP 2 4_2_1_28
13 0.000813 2 3
16 0.000813 3 0 PTP 3 4_3_0_26
12 0.000813 2 2 7
12 0.000813 2 3 7
13 0.000837 2 1
12 0.000837 2 1 7
13 0.000861 2 4
13 0.000861 2 3
13 0.000861 2 2
12 0.000861 2 3 7
12 0.000861 2 4 7
12 0.000861 2 2 7
13 0.000885 2 1
12 0.000885 2 1 11
13 0.000909 2 4
13 0.000909 2 3
13 0.000909 2 2
12 0.000909 2 3 12
15 0.000909 3 0 PTP 3 3_1_0_29
12 0.000909 2 2 12
15 0.000909 3 0 PTP 2 2_1_0_30
12 0.000909 2 4 12
15 0.000909 3 0 PTP 4 4_1_0_31
13 0.000909 2 3
13 0.000909 2 2
13 0.000909 2 4
12 0.000909 2 2 12
15 0.000909 3 0 PTP 2 2_1_0_32
12 0.000909 2 3 12
15 0.000909 3 0 PTP 3 3_1_0_33
12 0.000909 2 4 12
15 0.000909 3 0 PTP 4 4_1_0_34
13 0.000909 2 2
13 0.000909 2 3
13 0.000909 2 4
12 0.000909 2 2 12
15 0.000909 3 0 PTP 2 2_1_0_35
12 0.000909 2 3 12
15 0.000909 3 0 PTP 3 3_1_0_36
12 0.000909 2 4 12
15 0.000909 3 0 PTP 4 4_1_0_37
13 0.000909 2 2
13 0.000909 2 3
13 0.000909 2 4
12 0.000909 2 4 12
15 0.000909 3 0 PTP 4 4_1_0_38
12 0.000909 2 3 12
15 0.000909 3 0 PTP 3 3_1_0_39
12 0.000909 2 2 12
15 0.000909 3 0 PTP 2 2_1_0_40
13 0.000909 2 4
12 0.000909 2 4 7
13 0.000909 2 3
12 0.000909 2 3 7
13 0.000909 2 2
12 0.000909 2 2 7
16 0.000938 3 0 PTP 1 2_1_0_30
13 0.000938 2 1
12 0.000938 2 1 11
16 0.000967 3 0 PTP 1 3_1_0_29
13 0.000967 2 1
12 0.000967 2 1 11
16 0.000997 3 0 PTP 1 4_1_0_31
13 0.000997 2 1
12 0.000997 2 1 11
16 0.001026 3 0 PTP 1 2_1_0_32
13 0.001026 2 1
12 0.001026 2 1 11
16 0.001055 3 0 PTP 1 3_1_0_33
13 0.001055 2 1
12 0.001055 2 1 11
16 0.001084 3 0 PTP 1 4_1_0_34
13 0.001084 2 1
12 0.001084 2 1 11
16 0.001114 3 0 PTP 1 2_1_0_35
13 0.001114 2 1
12 0.001114 2 1 11
16 0.001143 3 0 PTP 1 3_1_0_36
13 0.001143 2 1
12 0.001143 2 1 11
16 0.001172 3 0 PTP 1 4_1_0_37
13 0.001172 2 1
12 0.001172 2 1 11
16 0.001202 3 0 PTP 1 2_1_0_40
13 0.001202 2 1
12 0.001202 2 1 11
16 0.001231 3 0 PTP 1 3_1_0_39
13 0.001231 2 1
12 0.001231 2 1 11
16 0.001260 3 0 PTP 1 4_1_0_38
13 0.001260 2 1
12 0.001260 2 1 7
13 0.001284 2 1
12 0.001284 2 1 7
13 0.001308 2 4
12 0.001308 2 4 7
13 0.001308 2 3
12 0.001308 2 3 7
13 0.001308 2 2
12 0.001308 2 2 7
13 0.001332 2 1
12 0.001332 2 1 7
13 0.001356 2 4
13 0.001356 2 3
13 0.001356 2 2
12 0.001356 2 3 7
12 0.001356 2 2 7
12 0.001356 2 4 7
13 0.001380 2 1
12 0.001380 2 1 7
13 0.001404 2 4
13 0.001404 2 3
13 0.001404 2 2
12 0.001404 2 3 7
12 0.001404 2 2 7
12 0.001404 2 4 7
13 0.001428 2 1
12 0.001428 2 1 13
13 0.001428 2 1
7 0.001428 1 1
13 0.001452 2 4
13 0.001452 2 3
13 0.001452 2 2
12 0.001452 2 2 13
13 0.001452 2 2
7 0.001452 1 2
12 0.001452 2 4 13
13 0.001452 2 4
7 0.001452 1 4
12 0.001452 2 3 13
13 0.001452 2 3
7 0.001452 1 3
